This is pdfTeX, Version 3.14159265-2.6-1.40.16 (TeX Live 2015) (preloaded format=pdflatex 2015.5.24)  9 NOV 2015 13:57
entering extended mode
 restricted \write18 enabled.
 %&-line parsing enabled.
**stalin.tex
(./stalin.tex
LaTeX2e <2015/01/01>
Babel <3.9l> and hyphenation patterns for 79 languages loaded.
(/usr/local/texlive/2015/texmf-dist/tex/latex/base/article.cls
Document Class: article 2014/09/29 v1.4h Standard LaTeX document class
(/usr/local/texlive/2015/texmf-dist/tex/latex/base/size10.clo
File: size10.clo 2014/09/29 v1.4h Standard LaTeX file (size option)
)
\c@part=\count79
\c@section=\count80
\c@subsection=\count81
\c@subsubsection=\count82
\c@paragraph=\count83
\c@subparagraph=\count84
\c@figure=\count85
\c@table=\count86
\abovecaptionskip=\skip41
\belowcaptionskip=\skip42
\bibindent=\dimen102
)
(/usr/local/texlive/2015/texmf-dist/tex/latex/geometry/geometry.sty
Package: geometry 2010/09/12 v5.6 Page Geometry

(/usr/local/texlive/2015/texmf-dist/tex/latex/graphics/keyval.sty
Package: keyval 2014/10/28 v1.15 key=value parser (DPC)
\KV@toks@=\toks14
)
(/usr/local/texlive/2015/texmf-dist/tex/generic/oberdiek/ifpdf.sty
Package: ifpdf 2011/01/30 v2.3 Provides the ifpdf switch (HO)
Package ifpdf Info: pdfTeX in PDF mode is detected.
)
(/usr/local/texlive/2015/texmf-dist/tex/generic/oberdiek/ifvtex.sty
Package: ifvtex 2010/03/01 v1.5 Detect VTeX and its facilities (HO)
Package ifvtex Info: VTeX not detected.
)
(/usr/local/texlive/2015/texmf-dist/tex/generic/ifxetex/ifxetex.sty
Package: ifxetex 2010/09/12 v0.6 Provides ifxetex conditional
)
\Gm@cnth=\count87
\Gm@cntv=\count88
\c@Gm@tempcnt=\count89
\Gm@bindingoffset=\dimen103
\Gm@wd@mp=\dimen104
\Gm@odd@mp=\dimen105
\Gm@even@mp=\dimen106
\Gm@layoutwidth=\dimen107
\Gm@layoutheight=\dimen108
\Gm@layouthoffset=\dimen109
\Gm@layoutvoffset=\dimen110
\Gm@dimlist=\toks15
)
(./lettrine.sty
File: lettrine.sty 2015/08/31 v1.9 (Daniel Flipo)
\c@DefaultLines=\count90
\c@DefaultDepth=\count91
\DefaultFindent=\dimen111
\DefaultNindent=\dimen112
\DefaultSlope=\dimen113
\DiscardVskip=\dimen114
\L@lbox=\box26
\L@tbox=\box27
\c@L@lines=\count92
\c@L@depth=\count93
\L@Pindent=\dimen115
\L@Findent=\dimen116
\L@Nindent=\dimen117
\L@lraise=\dimen118
\L@first=\dimen119
\L@next=\dimen120
\L@slope=\dimen121
\L@height=\dimen122
\L@novskip=\dimen123
\LettrineWidth=\dimen124
\LettrineHeight=\dimen125
\LettrineDepth=\dimen126

Loading lettrine.cfg
(/usr/local/texlive/2015/texmf-dist/tex/latex/lettrine/lettrine.cfg))
No file stalin.aux.
\openout1 = `stalin.aux'.

LaTeX Font Info:    Checking defaults for OML/cmm/m/it on input line 21.
LaTeX Font Info:    ... okay on input line 21.
LaTeX Font Info:    Checking defaults for T1/cmr/m/n on input line 21.
LaTeX Font Info:    ... okay on input line 21.
LaTeX Font Info:    Checking defaults for OT1/cmr/m/n on input line 21.
LaTeX Font Info:    ... okay on input line 21.
LaTeX Font Info:    Checking defaults for OMS/cmsy/m/n on input line 21.
LaTeX Font Info:    ... okay on input line 21.
LaTeX Font Info:    Checking defaults for OMX/cmex/m/n on input line 21.
LaTeX Font Info:    ... okay on input line 21.
LaTeX Font Info:    Checking defaults for U/cmr/m/n on input line 21.
LaTeX Font Info:    ... okay on input line 21.
*geometry* driver: auto-detecting
*geometry* detected driver: pdftex
*geometry* verbose mode - [ preamble ] result:
* driver: pdftex
* paper: a4paper
* layout: <same size as paper>
* layoutoffset:(h,v)=(0.0pt,0.0pt)
* modes: includehead 
* h-part:(L,W,R)=(56.9055pt, 483.69687pt, 56.9055pt)
* v-part:(T,H,B)=(28.45274pt, 731.23584pt, 85.35826pt)
* \paperwidth=597.50787pt
* \paperheight=845.04684pt
* \textwidth=483.69687pt
* \textheight=706.23584pt
* \oddsidemargin=-15.36449pt
* \evensidemargin=-15.36449pt
* \topmargin=-43.81725pt
* \headheight=0.0pt
* \headsep=25.0pt
* \topskip=10.0pt
* \footskip=19.91692pt
* \marginparwidth=4.0pt
* \marginparsep=10.0pt
* \columnsep=10.0pt
* \skip\footins=9.0pt plus 4.0pt minus 2.0pt
* \hoffset=0.0pt
* \voffset=0.0pt
* \mag=1000
* \@twocolumntrue
* \@twosidefalse
* \@mparswitchfalse
* \@reversemarginfalse
* (1in=72.27pt=25.4mm, 1cm=28.453pt)

LaTeX Font Info:    External font `cmex10' loaded for size
(Font)              <12> on input line 22.
LaTeX Font Info:    External font `cmex10' loaded for size
(Font)              <8> on input line 22.
LaTeX Font Info:    External font `cmex10' loaded for size
(Font)              <6> on input line 22.
Missing character: There is no ‚ in font cmr10!
Missing character: There is no Ä in font cmr10!
Missing character: There is no ô in font cmr10!
LaTeX Font Info:    External font `cmex10' loaded for size
(Font)              <7> on input line 55.
LaTeX Font Info:    External font `cmex10' loaded for size
(Font)              <5> on input line 55.
Missing character: There is no ‚ in font cmr10!
Missing character: There is no Ä in font cmr10!
Missing character: There is no ô in font cmr10!
Missing character: There is no ‚ in font cmr10!
Missing character: There is no Ä in font cmr10!
Missing character: There is no ô in font cmr10!

Underfull \hbox (badness 2343) in paragraph at lines 29--91
[][] \OT1/cmr/m/n/10 con-sid-ered the founder of com-mu-nism,
 []


Underfull \hbox (badness 1297) in paragraph at lines 29--91
\OT1/cmr/m/n/10 the Party due to their lack of knowl-edge about
 []

Missing character: There is no ‚ in font cmr10!
Missing character: There is no Ä in font cmr10!
Missing character: There is no î in font cmr10!

Underfull \hbox (badness 1178) in paragraph at lines 92--111
\OT1/cmr/m/n/10 dur-ing the Great Ter-ror, and sec-ond, to rewrite
 []


Underfull \vbox (badness 10000) has occurred while \output is active []

 [1{/usr/local/texlive/2015/texmf-var/fonts/map/pdftex/updmap/pdftex.map}


]
Missing character: There is no ‚ in font cmr10!
Missing character: There is no Ä in font cmr10!
Missing character: There is no ô in font cmr10!
Missing character: There is no ‚ in font cmr10!
Missing character: There is no Ä in font cmr10!
Missing character: There is no ô in font cmr10!
Missing character: There is no ‚ in font cmr10!
Missing character: There is no Ä in font cmr10!
Missing character: There is no ô in font cmr10!

Underfull \hbox (badness 4927) in paragraph at lines 115--140
\OT1/cmr/m/it/10 Short Course\OT1/cmr/m/n/10 , it is es-sen-tial to pro-vide so
me
 []


Underfull \hbox (badness 1881) in paragraph at lines 115--140
\OT1/cmr/m/n/10 his-tor-i-cal back-ground re-gard-ing com-mu-nism. In
 []


Underfull \hbox (badness 1019) in paragraph at lines 115--140
\OT1/cmr/m/n/10 that com-mu-nism was an in-evitable social-political
 []


Underfull \hbox (badness 1924) in paragraph at lines 115--140
\OT1/cmr/m/n/10 down-falls of the Com-mu-nist Party. Ul-ti-mately,
 []

Missing character: There is no ‚ in font cmr10!
Missing character: There is no Ä in font cmr10!
Missing character: There is no ú in font cmr10!
Missing character: There is no ‚ in font cmr10!
Missing character: There is no Ä in font cmr10!
Missing character: There is no ù in font cmr10!
Missing character: There is no ‚ in font cmr10!
Missing character: There is no Ä in font cmr10!
Missing character: There is no ô in font cmr10!
Missing character: There is no ‚ in font cmr10!
Missing character: There is no Ä in font cmr10!
Missing character: There is no ô in font cmr10!
Missing character: There is no ‚ in font cmr10!
Missing character: There is no Ä in font cmr10!
Missing character: There is no ô in font cmr10!
Missing character: There is no ‚ in font cmr10!
Missing character: There is no Ä in font cmr10!
Missing character: There is no ô in font cmr10!
[2]
Missing character: There is no ‚ in font cmr10!
Missing character: There is no Ä in font cmr10!
Missing character: There is no ú in font cmr10!
Missing character: There is no ‚ in font cmr10!
Missing character: There is no Ä in font cmr10!
Missing character: There is no ù in font cmr10!
Missing character: There is no ‚ in font cmr10!
Missing character: There is no Ä in font cmr10!
Missing character: There is no ô in font cmr10!

Underfull \hbox (badness 1286) in paragraph at lines 225--231
\OT1/cmr/m/n/10 This let-ter was ob-tained from the Stalin Dig-i-tal
 []

Missing character: There is no ‚ in font cmr10!
Missing character: There is no Ä in font cmr10!
Missing character: There is no ô in font cmr10!
Missing character: There is no ‚ in font cmti8!
Missing character: There is no Ä in font cmti8!
Missing character: There is no ô in font cmti8!

Underfull \hbox (badness 1484) in paragraph at lines 233--241
\OT1/cmr/m/n/10 they present the his-tory of the VKP(b)
 []


Underfull \hbox (badness 2556) in paragraph at lines 233--241
\OT1/cmr/m/n/10 with-out pro-vid-ing the nec-es-sary Marx-ist
 []


Underfull \hbox (badness 1168) in paragraph at lines 233--241
\OT1/cmr/m/n/10 ex-pla-na-tion; or be-cause they suf-fer from
 []

Missing character: There is no ‚ in font cmr10!
Missing character: There is no Ä in font cmr10!
Missing character: There is no ô in font cmr10!

Underfull \hbox (badness 2818) in paragraph at lines 243--249
[]\OT1/cmr/m/n/10 This quote shows that Stalin wanted the
 []

Missing character: There is no ‚ in font cmr10!
Missing character: There is no Ä in font cmr10!
Missing character: There is no ô in font cmr10!
Missing character: There is no ‚ in font cmti8!
Missing character: There is no Ä in font cmti8!
Missing character: There is no ô in font cmti8!
Missing character: There is no ‚ in font cmti8!
Missing character: There is no Ä in font cmti8!
Missing character: There is no ô in font cmti8!

Underfull \hbox (badness 1168) in paragraph at lines 267--271
\OT1/cmr/m/n/10 facts that demon-strate the abun-dance of
 []


Underfull \hbox (badness 1281) in paragraph at lines 274--279
[]\OT1/cmr/m/n/10 This pas-sage re-veals how Stalin wanted to
 []

Missing character: There is no ‚ in font cmr10!
Missing character: There is no Ä in font cmr10!
Missing character: There is no ô in font cmr10!
Missing character: There is no ‚ in font cmti8!
Missing character: There is no Ä in font cmti8!
Missing character: There is no ô in font cmti8!

Underfull \hbox (badness 2213) in paragraph at lines 302--302
[][]\OT1/cmr/m/n/8 Brandenberger, David. \OT1/cmr/m/it/8 Stal-ins An-swer the N
a-tional
 []


Underfull \hbox (badness 5147) in paragraph at lines 293--307
[]\OT1/cmr/m/n/10 Ultimately, Stalin dras-ti-cally changed the
 []


Underfull \hbox (badness 1436) in paragraph at lines 293--307
\OT1/cmr/m/n/10 were ex-e-cuted and Stalin suc-cess-fully in-tim-i-dated
 []

[3]
Missing character: There is no ‚ in font cmr10!
Missing character: There is no Ä in font cmr10!
Missing character: There is no ô in font cmr10!
Missing character: There is no ‚ in font cmr10!
Missing character: There is no Ä in font cmr10!
Missing character: There is no ô in font cmr10!
Missing character: There is no ‚ in font cmr10!
Missing character: There is no Ä in font cmr10!
Missing character: There is no ú in font cmr10!
Missing character: There is no ‚ in font cmr10!
Missing character: There is no Ä in font cmr10!
Missing character: There is no ù in font cmr10!
Missing character: There is no ‚ in font cmr10!
Missing character: There is no Ä in font cmr10!
Missing character: There is no ô in font cmr10!
Missing character: There is no ‚ in font cmr10!
Missing character: There is no Ä in font cmr10!
Missing character: There is no ô in font cmr10!
Missing character: There is no ‚ in font cmr10!
Missing character: There is no Ä in font cmr10!
Missing character: There is no ô in font cmr10!
Missing character: There is no ‚ in font cmti8!
Missing character: There is no Ä in font cmti8!
Missing character: There is no ô in font cmti8!

Underfull \hbox (badness 2213) in paragraph at lines 372--372
[][]\OT1/cmr/m/n/8 Brandenberger, David. \OT1/cmr/m/it/8 Stal-ins An-swer the N
a-tional
 []

Missing character: There is no ‚ in font cmr10!
Missing character: There is no Ä in font cmr10!
Missing character: There is no î in font cmr10!
Missing character: There is no ‚ in font cmti8!
Missing character: There is no Ä in font cmti8!
Missing character: There is no ô in font cmti8!

Underfull \hbox (badness 2213) in paragraph at lines 375--375
[][]\OT1/cmr/m/n/8 Brandenberger, David. \OT1/cmr/m/it/8 Stal-ins An-swer the N
a-tional
 []


Underfull \hbox (badness 1297) in paragraph at lines 368--380
\OT1/cmr/m/n/10 it was dur-ing this time that he fo-cused on the
 []

Missing character: There is no ‚ in font cmti8!
Missing character: There is no Ä in font cmti8!
Missing character: There is no ô in font cmti8!

Underfull \hbox (badness 4779) in paragraph at lines 381--390
[]\OT1/cmr/m/n/10 As a re-sult, Stalin's care-ful se-lec-tion of
 []


Underfull \hbox (badness 1092) in paragraph at lines 381--390
\OT1/cmr/m/n/10 that sup-ported his own regime. Stalin's re-vised
 []

[4]
Underfull \hbox (badness 5970) in paragraph at lines 407--413
\OT1/cmr/m/n/10 op-po-nents, suc-cess-fully eras-ing ac-counts of his
 []


Underfull \hbox (badness 1194) in paragraph at lines 414--421
\OT1/cmr/m/n/10 in the late 1930's. By the end of the decade,
 []


Underfull \hbox (badness 1127) in paragraph at lines 440--452
\OT1/cmr/m/n/10 rea-sons why the ku-lak class was de-struc-tive and
 []

Missing character: There is no ‚ in font cmr10!
Missing character: There is no Ä in font cmr10!
Missing character: There is no ù in font cmr10!

Underfull \hbox (badness 1721) in paragraph at lines 470--485
\OT1/cmr/m/n/10 pro-vides Stalin's speeches, which are par-tic-u-larly
 []

[5]
Missing character: There is no ‚ in font cmr10!
Missing character: There is no Ä in font cmr10!
Missing character: There is no ¶ in font cmr10!

Underfull \hbox (badness 1571) in paragraph at lines 510--517
[]\OT1/cmr/m/n/10 ``An of-fi-cial is an in-di-vid-ual who makes
 []


Underfull \hbox (badness 1454) in paragraph at lines 510--517
\OT1/cmr/m/n/10 con-scious de-ci-sions. He wants to know
 []


Underfull \hbox (badness 1286) in paragraph at lines 510--517
\OT1/cmr/m/n/10 he loses in-ter-est in Marx-ism and in his
 []


Underfull \hbox (badness 2753) in paragraph at lines 520--532
\OT1/cmr/m/n/10 in writ-ing the \OT1/cmr/m/it/10 Short Course \OT1/cmr/m/n/10 w
as to pro-vide a
 []


Underfull \hbox (badness 1122) in paragraph at lines 534--539
\OT1/cmr/m/n/10 that could not di-gest the sharp turn to
 []

Missing character: There is no ‚ in font cmr10!
Missing character: There is no Ä in font cmr10!
Missing character: There is no ô in font cmr10!
Missing character: There is no ‚ in font cmr10!
Missing character: There is no Ä in font cmr10!
Missing character: There is no ô in font cmr10!

Underfull \hbox (badness 1259) in paragraph at lines 541--557
[]\OT1/cmr/m/n/10 Stalin ra-tio-nal-ized that the pur-pose of the
 []


Underfull \hbox (badness 2452) in paragraph at lines 541--557
\OT1/cmr/m/n/10 cadres that had a lack of un-der-stand-ing about
 []


Underfull \hbox (badness 5147) in paragraph at lines 559--564
\OT1/cmr/m/n/10 that some of them be-came spies and
 []


Underfull \hbox (badness 2351) in paragraph at lines 575--582
\OT1/cmr/m/n/10 but we gained an enor-mous num-ber of
 []

[6]
Underfull \hbox (badness 2165) in paragraph at lines 595--602
\OT1/cmr/m/n/10 this no-tion when he wrote, ``the im-pli-ca-tion of
 []


Underfull \hbox (badness 1102) in paragraph at lines 604--611
[]\OT1/cmr/m/n/10 ``Correcting this mis-take be-gins with the
 []


Underfull \hbox (badness 2050) in paragraph at lines 604--611
\OT1/cmr/m/n/10 pub-li-ca-tion of the Short Course. This
 []


Underfull \hbox (badness 7704) in paragraph at lines 604--611
\OT1/cmr/m/n/10 book demon-strates the ba-sic ideas of
 []


Underfull \hbox (badness 1796) in paragraph at lines 628--641
\OT1/cmr/m/n/10 tran-script to the Polit-buro and stated, ``Stalin's
 []

Missing character: There is no ‚ in font cmr10!
Missing character: There is no Ä in font cmr10!
Missing character: There is no î in font cmr10!
Missing character: There is no ‚ in font cmr10!
Missing character: There is no Ä in font cmr10!
Missing character: There is no î in font cmr10!

Underfull \hbox (badness 3503) in paragraph at lines 677--683
\OT1/cmr/m/n/10 an-swered the ques-tion of the Great Ter-ror by
 []


Underfull \hbox (badness 4193) in paragraph at lines 677--683
\OT1/cmr/m/n/10 in trea-son and also wanted to un-der-mine the
 []

[7]
Underfull \hbox (badness 4328) in paragraph at lines 720--725
[]\OT1/cmr/m/n/10 ``It was the only ma-te-rial on Rus-sian
 []


Underfull \hbox (badness 2735) in paragraph at lines 720--725
\OT1/cmr/m/n/10 one-self re-gard-ing the de-mands of Party
 []

Missing character: There is no ‚ in font cmr10!
Missing character: There is no Ä in font cmr10!
Missing character: There is no ô in font cmr10!

Underfull \hbox (badness 4001) in paragraph at lines 773--784
[]\OT1/cmr/m/n/10 Overall, the \OT1/cmr/m/it/10 Short Course \OT1/cmr/m/n/10 of
-fers valu-able
 []


Underfull \hbox (badness 1057) in paragraph at lines 773--784
\OT1/cmr/m/n/10 book are the val-ues of the pro-le-tariat class, the
 []


Underfull \hbox (badness 1019) in paragraph at lines 773--784
\OT1/cmr/m/n/10 worker's rev-o-lu-tion, Lenin-ism, and in-dus-try. By
 []

[8] [9

]
Missing character: There is no ‚ in font cmr10!
Missing character: There is no Ä in font cmr10!
Missing character: There is no ô in font cmr10!
LaTeX Font Info:    Try loading font information for OMS+cmr on input line 822.

 (/usr/local/texlive/2015/texmf-dist/tex/latex/base/omscmr.fd
File: omscmr.fd 2014/09/29 v2.5h Standard LaTeX font definitions
)
LaTeX Font Info:    Font shape `OMS/cmr/m/n' in size <7> not available
(Font)              Font shape `OMS/cmsy/m/n' tried instead on input line 822.
LaTeX Font Info:    Font shape `OMS/cmr/m/n' in size <6> not available
(Font)              Font shape `OMS/cmsy/m/n' tried instead on input line 832.
 [10


]
(./stalin.aux)

LaTeX Warning: Label(s) may have changed. Rerun to get cross-references right.

 ) 
Here is how much of TeX's memory you used:
 886 strings out of 493089
 12158 string characters out of 6134842
 81216 words of memory out of 5000000
 4414 multiletter control sequences out of 15000+600000
 9592 words of font info for 33 fonts, out of 8000000 for 9000
 1141 hyphenation exceptions out of 8191
 25i,8n,20p,254b,288s stack positions out of 5000i,500n,10000p,200000b,80000s
</usr/local/texlive/2015/texmf-dist/fonts/type1/public/amsfonts/cm/cmbx10.pfb
></usr/local/texlive/2015/texmf-dist/fonts/type1/public/amsfonts/cm/cmbx12.pfb>
</usr/local/texlive/2015/texmf-dist/fonts/type1/public/amsfonts/cm/cmbxti10.pfb
></usr/local/texlive/2015/texmf-dist/fonts/type1/public/amsfonts/cm/cmcsc10.pfb
></usr/local/texlive/2015/texmf-dist/fonts/type1/public/amsfonts/cm/cmr10.pfb><
/usr/local/texlive/2015/texmf-dist/fonts/type1/public/amsfonts/cm/cmr12.pfb></u
sr/local/texlive/2015/texmf-dist/fonts/type1/public/amsfonts/cm/cmr17.pfb></usr
/local/texlive/2015/texmf-dist/fonts/type1/public/amsfonts/cm/cmr6.pfb></usr/lo
cal/texlive/2015/texmf-dist/fonts/type1/public/amsfonts/cm/cmr7.pfb></usr/local
/texlive/2015/texmf-dist/fonts/type1/public/amsfonts/cm/cmr8.pfb></usr/local/te
xlive/2015/texmf-dist/fonts/type1/public/amsfonts/cm/cmsy6.pfb></usr/local/texl
ive/2015/texmf-dist/fonts/type1/public/amsfonts/cm/cmsy7.pfb></usr/local/texliv
e/2015/texmf-dist/fonts/type1/public/amsfonts/cm/cmti10.pfb></usr/local/texlive
/2015/texmf-dist/fonts/type1/public/amsfonts/cm/cmti12.pfb></usr/local/texlive/
2015/texmf-dist/fonts/type1/public/amsfonts/cm/cmti8.pfb>
Output written on stalin.pdf (10 pages, 229296 bytes).
PDF statistics:
 97 PDF objects out of 1000 (max. 8388607)
 69 compressed objects within 1 object stream
 0 named destinations out of 1000 (max. 500000)
 1 words of extra memory for PDF output out of 10000 (max. 10000000)

